<?xml version="1.0" encoding="utf-8"?><testsuites name="pytest tests"><testsuite name="pytest" errors="0" failures="0" skipped="0" tests="7" time="1.886" timestamp="2026-09-17T06:58:40.126401+00:00" hostname="agent-env-4a2a624b-ee81-45d9-adf2-5fca76819451"><testcase classname="tests.test_payments.TestVerifyPayment" name="test_verify_invalid_signature_returns_200_false" time="0.963" /><testcase classname="tests.test_payments.TestCreateOrder" name="test_create_order_placeholder_keys_returns_502" time="0.969" /><testcase classname="tests.test_payments.TestVerifyPayment" name="test_verify_missing_fields_returns_422" time="0.132" /><testcase classname="tests.test_payments.TestCreateOrder" name="test_create_order_zero_amount_returns_400" time="0.118" /><testcase classname="tests.test_payments.TestCreateOrder" name="test_create_order_negative_amount_returns_400" time="0.175" /><testcase classname="tests.test_payments.TestHealth" name="test_api_root" time="0.115" /><testcase classname="tests.test_payments.TestCreateOrder" name="test_create_order_missing_amount_returns_422" time="0.130" /></testsuite></testsuites>